\BOOKMARK [1][-]{section.1}{\376\377\000C\000o\000m\000o\000\040\000u\000t\000i\000l\000i\000z\000a\000r\000\040\000e\000s\000t\000e\000\040\000D\000o\000c\000u\000m\000e\000n\000t\000o}{}% 1
\BOOKMARK [1][-]{section.2}{\376\377\000C\000o\000m\000o\000\040\000r\000e\000z\000a\000r\000\040\000o\000\040\000R\000o\000s\000\341\000r\000i\000o}{}% 2
\BOOKMARK [2][-]{subsection.2.1}{\376\377\000A\000\040\000o\000r\000a\000\347\000\343\000o\000\040\000d\000o\000\040\000S\000a\000n\000t\000o\000\040\000R\000o\000s\000\341\000r\000i\000o}{section.2}% 3
\BOOKMARK [2][-]{subsection.2.2}{\376\377\000O\000s\000\040\000m\000i\000s\000t\000\351\000r\000i\000o\000s\000\040\000d\000o\000\040\000S\000a\000n\000t\000o\000\040\000R\000o\000s\000\341\000r\000i\000o}{section.2}% 4
\BOOKMARK [2][-]{subsection.2.3}{\376\377\000C\000o\000m\000o\000\040\000r\000e\000z\000a\000r\000\040\000o\000\040\000s\000a\000n\000t\000o\000\040\000t\000e\000r\000\347\000o\000?}{section.2}% 5
\BOOKMARK [1][-]{section.3}{\376\377\000O\000r\000a\000\347\000\365\000e\000s}{}% 6
\BOOKMARK [2][-]{subsection.3.1}{\376\377\000C\000r\000e\000d\000o\000\040\000d\000o\000s\000\040\000A\000p\000\363\000s\000t\000o\000l\000o\000s}{section.3}% 7
\BOOKMARK [2][-]{subsection.3.2}{\376\377\000S\000i\000n\000a\000l\000\040\000d\000a\000\040\000C\000r\000u\000z}{section.3}% 8
\BOOKMARK [2][-]{subsection.3.3}{\376\377\000P\000e\000r\000s\000i\000g\000n\000a\000\347\000\343\000o}{section.3}% 9
\BOOKMARK [2][-]{subsection.3.4}{\376\377\000P\000a\000i\000-\000N\000o\000s\000s\000o}{section.3}% 10
\BOOKMARK [2][-]{subsection.3.5}{\376\377\000A\000v\000e\000-\000M\000a\000r\000i\000a}{section.3}% 11
\BOOKMARK [2][-]{subsection.3.6}{\376\377\000S\000a\000l\000v\000e\000-\000R\000a\000i\000n\000h\000a}{section.3}% 12
\BOOKMARK [2][-]{subsection.3.7}{\376\377\000G\000l\000\363\000r\000i\000a}{section.3}% 13
\BOOKMARK [2][-]{subsection.3.8}{\376\377\000\323\000\040\000M\000e\000u\000\040\000J\000e\000s\000u\000s}{section.3}% 14
\BOOKMARK [2][-]{subsection.3.9}{\376\377\000J\000a\000c\000u\000l\000a\000t\000\363\000r\000i\000a\000s}{section.3}% 15
\BOOKMARK [1][-]{section.4}{\376\377\000O\000f\000e\000r\000e\000c\000i\000m\000e\000n\000t\000o}{}% 16
\BOOKMARK [1][-]{section.5}{\376\377\000M\000i\000s\000t\000\351\000r\000i\000o\000s\000\040\000G\000o\000z\000o\000s\000o\000s}{}% 17
\BOOKMARK [2][-]{subsection.5.1}{\376\377\0001\000\272\000\040\000M\000i\000s\000t\000\351\000r\000i\000o\000\040\000-\000\040\000A\000N\000U\000N\000C\000I\000A\000\307\000\303\000O\000\040\000D\000O\000\040\000A\000N\000J\000O\000\040\000E\000\040\000E\000N\000C\000A\000R\000N\000A\000\307\000\303\000O\000\040\000D\000O\000\040\000V\000E\000R\000B\000O}{section.5}% 18
\BOOKMARK [2][-]{subsection.5.2}{\376\377\0002\000\272\000\040\000M\000i\000s\000t\000\351\000r\000i\000o\000\040\000-\000\040\000V\000I\000S\000I\000T\000A\000\307\000\303\000O\000\040\000D\000E\000\040\000N\000O\000S\000S\000A\000\040\000S\000E\000N\000H\000O\000R\000A\000\040\000A\000\040\000S\000U\000A\000\040\000P\000R\000I\000M\000A\000\040\000I\000S\000A\000B\000E\000L}{section.5}% 19
\BOOKMARK [2][-]{subsection.5.3}{\376\377\0003\000\272\000\040\000M\000i\000s\000t\000\351\000r\000i\000o\000\040\000-\000\040\000N\000A\000S\000C\000I\000M\000E\000N\000T\000O\000\040\000D\000E\000\040\000J\000E\000S\000U\000S}{section.5}% 20
\BOOKMARK [2][-]{subsection.5.4}{\376\377\0004\000\272\000\040\000M\000i\000s\000t\000\351\000r\000i\000o\000\040\000-\000\040\000P\000U\000R\000I\000F\000I\000C\000A\000\307\000\303\000O\000\040\000D\000E\000\040\000N\000O\000S\000S\000A\000\040\000S\000E\000N\000H\000O\000R\000A\000\040\000E\000\040\000A\000P\000R\000E\000S\000E\000N\000T\000A\000\307\000\303\000O\000\040\000D\000E\000\040\000J\000E\000S\000U\000S\000\040\000N\000O\000\040\000T\000E\000M\000P\000L\000O}{section.5}% 21
\BOOKMARK [2][-]{subsection.5.5}{\376\377\0005\000\272\000\040\000M\000i\000s\000t\000\351\000r\000i\000o\000\040\000-\000\040\000E\000N\000C\000O\000N\000T\000R\000O\000\040\000D\000E\000\040\000J\000E\000S\000U\000S\000\040\000N\000O\000\040\000T\000E\000M\000P\000L\000O}{section.5}% 22
\BOOKMARK [1][-]{section.6}{\376\377\000M\000i\000s\000t\000\351\000r\000i\000o\000s\000\040\000D\000o\000l\000o\000r\000o\000s\000o\000s}{}% 23
\BOOKMARK [2][-]{subsection.6.1}{\376\377\0006\000\272\000\040\000M\000i\000s\000t\000\351\000r\000i\000o\000\040\000-\000\040\000A\000G\000O\000N\000I\000A\000\040\000D\000E\000\040\000J\000E\000S\000U\000S\000\040\000N\000O\000\040\000H\000O\000R\000T\000O\000\040\000D\000A\000S\000\040\000O\000L\000I\000V\000E\000I\000R\000A\000S}{section.6}% 24
\BOOKMARK [2][-]{subsection.6.2}{\376\377\0007\000\272\000\040\000M\000i\000s\000t\000\351\000r\000i\000o\000\040\000-\000\040\000F\000L\000A\000G\000E\000L\000A\000\307\000\303\000O\000\040\000D\000E\000\040\000J\000E\000S\000U\000S}{section.6}% 25
\BOOKMARK [2][-]{subsection.6.3}{\376\377\0008\000\272\000\040\000M\000i\000s\000t\000\351\000r\000i\000o\000\040\000-\000\040\000C\000O\000R\000O\000A\000\307\000\303\000O\000\040\000D\000E\000\040\000E\000S\000P\000I\000N\000H\000O\000S}{section.6}% 26
\BOOKMARK [2][-]{subsection.6.4}{\376\377\0009\000\272\000\040\000M\000i\000s\000t\000\351\000r\000i\000o\000\040\000-\000\040\000J\000E\000S\000U\000S\000\040\000C\000A\000R\000R\000E\000G\000A\000\040\000A\000\040\000C\000R\000U\000Z\000\040\000E\000M\000\040\000D\000I\000R\000E\000\307\000\303\000O\000\040\000A\000O\000\040\000C\000A\000L\000V\000\301\000R\000I\000O\000.}{section.6}% 27
\BOOKMARK [2][-]{subsection.6.5}{\376\377\0001\0000\000\272\000\040\000M\000i\000s\000t\000\351\000r\000i\000o\000\040\000-\000\040\000M\000O\000R\000T\000E\000\040\000D\000E\000\040\000J\000E\000S\000U\000S}{section.6}% 28
\BOOKMARK [1][-]{section.7}{\376\377\000M\000i\000s\000t\000\351\000r\000i\000o\000s\000\040\000G\000l\000o\000r\000i\000o\000s\000o\000s}{}% 29
\BOOKMARK [2][-]{subsection.7.1}{\376\377\0001\0001\000\272\000\040\000M\000i\000s\000t\000\351\000r\000i\000o\000\040\000-\000\040\000A\000\040\000R\000e\000s\000s\000u\000r\000r\000e\000i\000\347\000\343\000o\000\040\000d\000e\000\040\000J\000e\000s\000u\000s\000\040\000C\000r\000i\000s\000t\000o\000.}{section.7}% 30
\BOOKMARK [2][-]{subsection.7.2}{\376\377\0001\0002\000\272\000\040\000M\000i\000s\000t\000\351\000r\000i\000o\000\040\000-\000\040\000A\000\040\000A\000s\000c\000e\000n\000s\000\343\000o\000\040\000d\000e\000\040\000J\000e\000s\000u\000s\000\040\000a\000o\000\040\000C\000\351\000u\000.}{section.7}% 31
\BOOKMARK [2][-]{subsection.7.3}{\376\377\0001\0003\000\272\000\040\000M\000i\000s\000t\000\351\000r\000i\000o\000\040\000-\000\040\000V\000i\000n\000d\000a\000\040\000d\000o\000\040\000E\000s\000p\000\355\000r\000i\000t\000o\000\040\000S\000a\000n\000t\000o\000\040\000s\000o\000b\000r\000e\000\040\000o\000s\000\040\000A\000p\000\363\000s\000t\000o\000l\000o\000s}{section.7}% 32
\BOOKMARK [2][-]{subsection.7.4}{\376\377\0001\0004\000\272\000\040\000M\000i\000s\000t\000\351\000r\000i\000o\000\040\000-\000\040\000A\000s\000s\000u\000n\000\347\000\343\000o\000\040\000d\000e\000\040\000M\000a\000r\000i\000a}{section.7}% 33
\BOOKMARK [2][-]{subsection.7.5}{\376\377\0001\0005\000\272\000\040\000M\000i\000s\000t\000\351\000r\000i\000o\000\040\000-\000\040\000C\000o\000r\000o\000a\000\347\000\343\000o\000\040\000d\000e\000\040\000M\000a\000r\000i\000a\000\040\000n\000o\000\040\000C\000\351\000u}{section.7}% 34
\BOOKMARK [1][-]{section.8}{\376\377\000E\000n\000c\000e\000r\000r\000a\000m\000e\000n\000t\000o}{}% 35
\BOOKMARK [2][-]{subsection.8.1}{\376\377\000O\000r\000a\000\347\000\365\000e\000s\000\040\000r\000e\000p\000a\000r\000a\000d\000o\000r\000a\000s\000\040\000r\000e\000v\000e\000l\000a\000d\000a\000s\000\040\000p\000e\000l\000o\000\040\000A\000n\000j\000o\000\040\000n\000a\000\040\000a\000p\000a\000r\000i\000\347\000\343\000o\000\040\000e\000m\000\040\000F\000\341\000t\000i\000m\000a\000,\000\040\000P\000o\000r\000t\000u\000g\000a\000l\000,\000\040\000e\000m\000\040\0001\0009\0001\0007\000:}{section.8}% 36
\BOOKMARK [1][-]{section.9}{\376\377\000R\000e\000f\000e\000r\000\352\000n\000c\000i\000a\000s\000\040\000e\000\040\000I\000n\000s\000p\000i\000r\000a\000\347\000\365\000e\000s}{}% 37
